Using pre-set license
Built from '2020.3/staging' branch; Version is '2020.3.32f1 (12f8b0834f07) revision 1243312'; Using compiler version '192528614'; Build Type 'Release'
OS: 'Windows 10  (10.0.17134) 64bit Professional' Language: 'en' Physical Memory: 16268 MB
BatchMode: 1, IsHumanControllingUs: 0, StartBugReporterOnCrash: 0, Is64bit: 1, IsPro: 0

COMMAND LINE ARGUMENTS:
D:\Program Files\Unity\Hub\Editor\2020.3.32f1\Editor\Unity.exe
-adb2
-batchMode
-noUpm
-name
AssetImportWorker0
-projectPath
D:/Users/RacingCar
-logFile
Logs/AssetImportWorker0.log
-srvPort
61571
Successfully changed project path to: D:/Users/RacingCar
D:/Users/RacingCar
Using Asset Import Pipeline V2.
Refreshing native plugins compatible for Editor in 70.12 ms, found 2 plugins.
Preloading 0 native plugins for Editor in 0.00 ms.
Initialize engine version: 2020.3.32f1 (12f8b0834f07)
[Subsystems] Discovering subsystems at path D:/Program Files/Unity/Hub/Editor/2020.3.32f1/Editor/Data/Resources/UnitySubsystems
[Subsystems] Discovering subsystems at path D:/Users/RacingCar/Assets
GfxDevice: creating device client; threaded=0
Direct3D:
    Version:  Direct3D 11.0 [level 11.1]
    Renderer: Intel(R) HD Graphics 520 (ID=0x1916)
    Vendor:   
    VRAM:     8134 MB
    Driver:   25.20.100.6472
Initialize mono
Mono path[0] = 'D:/Program Files/Unity/Hub/Editor/2020.3.32f1/Editor/Data/Managed'
Mono path[1] = 'D:/Program Files/Unity/Hub/Editor/2020.3.32f1/Editor/Data/MonoBleedingEdge/lib/mono/unityjit'
Mono config path = 'D:/Program Files/Unity/Hub/Editor/2020.3.32f1/Editor/Data/MonoBleedingEdge/etc'
Using monoOptions --debugger-agent=transport=dt_socket,embedding=1,server=y,suspend=n,address=127.0.0.1:56004
Begin MonoManager ReloadAssembly
Registering precompiled unity dll's ...
Register platform support module: D:/Program Files/Unity/Hub/Editor/2020.3.32f1/Editor/Data/PlaybackEngines/WindowsStandaloneSupport/UnityEditor.WindowsStandalone.Extensions.dll
Registered in 0.001455 seconds.
Native extension for WindowsStandalone target not found
Refreshing native plugins compatible for Editor in 86.51 ms, found 2 plugins.
Preloading 0 native plugins for Editor in 0.00 ms.
Mono: successfully reloaded assembly
- Completed reload, in  0.881 seconds
Domain Reload Profiling:
	ReloadAssembly (881ms)
		BeginReloadAssembly (95ms)
			ExecutionOrderSort (0ms)
			DisableScriptedObjects (0ms)
			BackupInstance (0ms)
			ReleaseScriptingObjects (0ms)
			CreateAndSetChildDomain (1ms)
		EndReloadAssembly (697ms)
			LoadAssemblies (93ms)
			RebuildTransferFunctionScriptingTraits (0ms)
			SetupTypeCache (211ms)
			ReleaseScriptCaches (0ms)
			RebuildScriptCaches (59ms)
			SetupLoadedEditorAssemblies (279ms)
				LogAssemblyErrors (0ms)
				InitializePlatformSupportModulesInManaged (21ms)
				SetLoadedEditorAssemblies (1ms)
				RefreshPlugins (87ms)
				BeforeProcessingInitializeOnLoad (23ms)
				ProcessInitializeOnLoadAttributes (107ms)
				ProcessInitializeOnLoadMethodAttributes (40ms)
				AfterProcessingInitializeOnLoad (0ms)
				EditorAssembliesLoaded (0ms)
			ExecutionOrderSort2 (0ms)
			AwakeInstancesAfterBackupRestoration (0ms)
Platform modules already initialized, skipping
Registering precompiled user dll's ...
Registered in 0.003381 seconds.
Begin MonoManager ReloadAssembly
Native extension for WindowsStandalone target not found
Refreshing native plugins compatible for Editor in 67.17 ms, found 2 plugins.
Preloading 0 native plugins for Editor in 0.00 ms.
Mono: successfully reloaded assembly
- Completed reload, in  1.825 seconds
Domain Reload Profiling:
	ReloadAssembly (1826ms)
		BeginReloadAssembly (254ms)
			ExecutionOrderSort (0ms)
			DisableScriptedObjects (8ms)
			BackupInstance (0ms)
			ReleaseScriptingObjects (0ms)
			CreateAndSetChildDomain (30ms)
		EndReloadAssembly (1459ms)
			LoadAssemblies (148ms)
			RebuildTransferFunctionScriptingTraits (0ms)
			SetupTypeCache (341ms)
			ReleaseScriptCaches (1ms)
			RebuildScriptCaches (63ms)
			SetupLoadedEditorAssemblies (784ms)
				LogAssemblyErrors (0ms)
				InitializePlatformSupportModulesInManaged (4ms)
				SetLoadedEditorAssemblies (0ms)
				RefreshPlugins (67ms)
				BeforeProcessingInitializeOnLoad (92ms)
				ProcessInitializeOnLoadAttributes (605ms)
				ProcessInitializeOnLoadMethodAttributes (10ms)
				AfterProcessingInitializeOnLoad (4ms)
				EditorAssembliesLoaded (0ms)
			ExecutionOrderSort2 (0ms)
			AwakeInstancesAfterBackupRestoration (8ms)
Platform modules already initialized, skipping
========================================================================
Worker process is ready to serve import requests
Launched and connected shader compiler UnityShaderCompiler.exe after 0.07 seconds
Refreshing native plugins compatible for Editor in 1.21 ms, found 2 plugins.
Preloading 0 native plugins for Editor in 0.00 ms.
Unloading 1810 Unused Serialized files (Serialized files now loaded: 0)
System memory in use before: 133.5 MB.
System memory in use after: 133.3 MB.

Unloading 28 unused Assets to reduce memory usage. Loaded Objects now: 2293.
Total: 4.429500 ms (FindLiveObjects: 0.355400 ms CreateObjectMapping: 0.172700 ms MarkObjects: 3.453200 ms  DeleteObjects: 0.445900 ms)

AssetImportParameters requested are different than current active one (requested -> active):
  custom:framework-win-MediaFoundation: 216162199b28c13a410421893ffa2e32 -> 
  custom:video-decoder-ogg-theora: a1e56fd34408186e4bbccfd4996cb3dc -> 
  custom:container-muxer-webm: aa71ff27fc2769a1b78a27578f13a17b -> 
  custom:container-demuxer-webm: 4f35f7cbe854078d1ac9338744f61a02 -> 
  custom:container-demuxer-ogg: 62fdf1f143b41e24485cea50d1cbac27 -> 
  custom:video-encoder-webm-vp8: eb34c28f22e8b96e1ab97ce403110664 -> 
  custom:video-decoder-webm-vp8: 9c59270c3fd7afecdb556c50c9e8de78 -> 
  custom:audio-decoder-ogg-vorbis: bf7c407c2cedff20999df2af8eb42d56 -> 
  custom:audio-encoder-webm-vorbis: bf7c407c2cedff20999df2af8eb42d56 -> 
========================================================================
Received Import Request.
  path: Assets/Textures/Thumbnails/Track002Thumb.PNG
  artifactKey: Guid(51dc50f827840eb44b63a4affd24db04) Importer(815301076,1909f56bfc062723c751e8b465ee728b)
Start importing Assets/Textures/Thumbnails/Track002Thumb.PNG using Guid(51dc50f827840eb44b63a4affd24db04) Importer(815301076,1909f56bfc062723c751e8b465ee728b)  -> (artifact id: '9c1270fdd5c154f39b33f2d3ac1c18ac') in 0.257402 seconds 
========================================================================
Received Import Request.
  Time since last request: 11.280778 seconds.
  path: Assets/Textures/Thumbnails/Track002Thumb.PNG
  artifactKey: Guid(51dc50f827840eb44b63a4affd24db04) Importer(815301076,1909f56bfc062723c751e8b465ee728b)
Start importing Assets/Textures/Thumbnails/Track002Thumb.PNG using Guid(51dc50f827840eb44b63a4affd24db04) Importer(815301076,1909f56bfc062723c751e8b465ee728b)  -> (artifact id: '1be9cfc6782efb8d23b3afc99eea0a94') in 0.093400 seconds 
========================================================================
Received Import Request.
  Time since last request: 514.009798 seconds.
  path: Assets/Textures/Thumbnails/Car001Thumb.png
  artifactKey: Guid(3d9d8b19539c4b74d87b4be2e7791449) Importer(815301076,1909f56bfc062723c751e8b465ee728b)
Start importing Assets/Textures/Thumbnails/Car001Thumb.png using Guid(3d9d8b19539c4b74d87b4be2e7791449) Importer(815301076,1909f56bfc062723c751e8b465ee728b)  -> (artifact id: '51178c2a6767160d7e8ff45599e9e3b7') in 0.032358 seconds 
========================================================================
Received Import Request.
  Time since last request: 0.000429 seconds.
  path: Assets/Textures/Thumbnails/Car002Thumb.png
  artifactKey: Guid(eccb132bdf38ae448a3bec9129c93659) Importer(815301076,1909f56bfc062723c751e8b465ee728b)
Start importing Assets/Textures/Thumbnails/Car002Thumb.png using Guid(eccb132bdf38ae448a3bec9129c93659) Importer(815301076,1909f56bfc062723c751e8b465ee728b)  -> (artifact id: 'b9c647b4eaf9b42c239d91001956002c') in 0.072602 seconds 
========================================================================
Received Import Request.
  Time since last request: 119.230655 seconds.
  path: Assets/Textures/Thumbnails/Car001Thumb.png
  artifactKey: Guid(3d9d8b19539c4b74d87b4be2e7791449) Importer(815301076,1909f56bfc062723c751e8b465ee728b)
Start importing Assets/Textures/Thumbnails/Car001Thumb.png using Guid(3d9d8b19539c4b74d87b4be2e7791449) Importer(815301076,1909f56bfc062723c751e8b465ee728b)  -> (artifact id: '8883b4114373eb9a737903252402faf4') in 0.083771 seconds 
========================================================================
Received Import Request.
  Time since last request: 0.000509 seconds.
  path: Assets/Textures/Thumbnails/Car002Thumb.png
  artifactKey: Guid(eccb132bdf38ae448a3bec9129c93659) Importer(815301076,1909f56bfc062723c751e8b465ee728b)
Start importing Assets/Textures/Thumbnails/Car002Thumb.png using Guid(eccb132bdf38ae448a3bec9129c93659) Importer(815301076,1909f56bfc062723c751e8b465ee728b)  -> (artifact id: '93bb421e47538da9b6afcd328f72a99b') in 0.088692 seconds 
========================================================================
Received Import Request.
  Time since last request: 146.669799 seconds.
  path: Assets/Scripts/GlobalCar.cs
  artifactKey: Guid(9c70623bf2d51f54393e2dea8f4e2643) Importer(815301076,1909f56bfc062723c751e8b465ee728b)
Start importing Assets/Scripts/GlobalCar.cs using Guid(9c70623bf2d51f54393e2dea8f4e2643) Importer(815301076,1909f56bfc062723c751e8b465ee728b)  -> (artifact id: '9232f9aa39d1d7d0c649cdfe55344cc3') in 0.043844 seconds 
========================================================================
Received Prepare
Registering precompiled user dll's ...
Registered in 0.007768 seconds.
Begin MonoManager ReloadAssembly
Native extension for WindowsStandalone target not found
Refreshing native plugins compatible for Editor in 1.08 ms, found 2 plugins.
Preloading 0 native plugins for Editor in 0.00 ms.
Mono: successfully reloaded assembly
- Completed reload, in  3.033 seconds
Domain Reload Profiling:
	ReloadAssembly (3034ms)
		BeginReloadAssembly (253ms)
			ExecutionOrderSort (0ms)
			DisableScriptedObjects (10ms)
			BackupInstance (0ms)
			ReleaseScriptingObjects (0ms)
			CreateAndSetChildDomain (116ms)
		EndReloadAssembly (2691ms)
			LoadAssemblies (160ms)
			RebuildTransferFunctionScriptingTraits (0ms)
			SetupTypeCache (548ms)
			ReleaseScriptCaches (2ms)
			RebuildScriptCaches (133ms)
			SetupLoadedEditorAssemblies (1492ms)
				LogAssemblyErrors (0ms)
				InitializePlatformSupportModulesInManaged (14ms)
				SetLoadedEditorAssemblies (1ms)
				RefreshPlugins (1ms)
				BeforeProcessingInitializeOnLoad (185ms)
				ProcessInitializeOnLoadAttributes (1258ms)
				ProcessInitializeOnLoadMethodAttributes (22ms)
				AfterProcessingInitializeOnLoad (11ms)
				EditorAssembliesLoaded (0ms)
			ExecutionOrderSort2 (0ms)
			AwakeInstancesAfterBackupRestoration (20ms)
Platform modules already initialized, skipping
Refreshing native plugins compatible for Editor in 0.81 ms, found 2 plugins.
Preloading 0 native plugins for Editor in 0.00 ms.
Unloading 1748 Unused Serialized files (Serialized files now loaded: 0)
System memory in use before: 130.8 MB.
System memory in use after: 130.6 MB.

Unloading 14 unused Assets to reduce memory usage. Loaded Objects now: 2306.
Total: 5.403100 ms (FindLiveObjects: 0.359600 ms CreateObjectMapping: 0.313000 ms MarkObjects: 4.329300 ms  DeleteObjects: 0.398400 ms)

AssetImportParameters requested are different than current active one (requested -> active):
  custom:framework-win-MediaFoundation: 216162199b28c13a410421893ffa2e32 -> 
  custom:video-decoder-ogg-theora: a1e56fd34408186e4bbccfd4996cb3dc -> 
  custom:container-muxer-webm: aa71ff27fc2769a1b78a27578f13a17b -> 
  custom:container-demuxer-webm: 4f35f7cbe854078d1ac9338744f61a02 -> 
  custom:container-demuxer-ogg: 62fdf1f143b41e24485cea50d1cbac27 -> 
  custom:video-encoder-webm-vp8: eb34c28f22e8b96e1ab97ce403110664 -> 
  custom:video-decoder-webm-vp8: 9c59270c3fd7afecdb556c50c9e8de78 -> 
  custom:audio-decoder-ogg-vorbis: bf7c407c2cedff20999df2af8eb42d56 -> 
  custom:audio-encoder-webm-vorbis: bf7c407c2cedff20999df2af8eb42d56 -> 
========================================================================
Received Prepare
Registering precompiled user dll's ...
Registered in 0.003851 seconds.
Begin MonoManager ReloadAssembly
Native extension for WindowsStandalone target not found
Refreshing native plugins compatible for Editor in 0.68 ms, found 2 plugins.
Preloading 0 native plugins for Editor in 0.00 ms.
Mono: successfully reloaded assembly
- Completed reload, in  2.014 seconds
Domain Reload Profiling:
	ReloadAssembly (2014ms)
		BeginReloadAssembly (191ms)
			ExecutionOrderSort (0ms)
			DisableScriptedObjects (8ms)
			BackupInstance (0ms)
			ReleaseScriptingObjects (0ms)
			CreateAndSetChildDomain (67ms)
		EndReloadAssembly (1718ms)
			LoadAssemblies (176ms)
			RebuildTransferFunctionScriptingTraits (0ms)
			SetupTypeCache (534ms)
			ReleaseScriptCaches (2ms)
			RebuildScriptCaches (67ms)
			SetupLoadedEditorAssemblies (789ms)
				LogAssemblyErrors (0ms)
				InitializePlatformSupportModulesInManaged (6ms)
				SetLoadedEditorAssemblies (1ms)
				RefreshPlugins (1ms)
				BeforeProcessingInitializeOnLoad (96ms)
				ProcessInitializeOnLoadAttributes (668ms)
				ProcessInitializeOnLoadMethodAttributes (12ms)
				AfterProcessingInitializeOnLoad (3ms)
				EditorAssembliesLoaded (0ms)
			ExecutionOrderSort2 (0ms)
			AwakeInstancesAfterBackupRestoration (13ms)
Platform modules already initialized, skipping
Refreshing native plugins compatible for Editor in 0.72 ms, found 2 plugins.
Preloading 0 native plugins for Editor in 0.00 ms.
Unloading 1748 Unused Serialized files (Serialized files now loaded: 0)
System memory in use before: 130.9 MB.
System memory in use after: 130.6 MB.

Unloading 14 unused Assets to reduce memory usage. Loaded Objects now: 2309.
Total: 4.419000 ms (FindLiveObjects: 0.258100 ms CreateObjectMapping: 0.110300 ms MarkObjects: 3.644800 ms  DeleteObjects: 0.404100 ms)

AssetImportParameters requested are different than current active one (requested -> active):
  custom:framework-win-MediaFoundation: 216162199b28c13a410421893ffa2e32 -> 
  custom:video-decoder-ogg-theora: a1e56fd34408186e4bbccfd4996cb3dc -> 
  custom:container-muxer-webm: aa71ff27fc2769a1b78a27578f13a17b -> 
  custom:container-demuxer-webm: 4f35f7cbe854078d1ac9338744f61a02 -> 
  custom:container-demuxer-ogg: 62fdf1f143b41e24485cea50d1cbac27 -> 
  custom:video-encoder-webm-vp8: eb34c28f22e8b96e1ab97ce403110664 -> 
  custom:video-decoder-webm-vp8: 9c59270c3fd7afecdb556c50c9e8de78 -> 
  custom:audio-decoder-ogg-vorbis: bf7c407c2cedff20999df2af8eb42d56 -> 
  custom:audio-encoder-webm-vorbis: bf7c407c2cedff20999df2af8eb42d56 -> 
========================================================================
Received Import Request.
  Time since last request: 180.098231 seconds.
  path: Assets/Scripts/GlobalCar.cs
  artifactKey: Guid(9c70623bf2d51f54393e2dea8f4e2643) Importer(815301076,1909f56bfc062723c751e8b465ee728b)
Start importing Assets/Scripts/GlobalCar.cs using Guid(9c70623bf2d51f54393e2dea8f4e2643) Importer(815301076,1909f56bfc062723c751e8b465ee728b)  -> (artifact id: 'f33386cb932b0040f9257e0861766940') in 0.007542 seconds 
========================================================================
Received Prepare
Registering precompiled user dll's ...
Registered in 0.020955 seconds.
Begin MonoManager ReloadAssembly
Native extension for WindowsStandalone target not found
Refreshing native plugins compatible for Editor in 0.80 ms, found 2 plugins.
Preloading 0 native plugins for Editor in 0.00 ms.
Mono: successfully reloaded assembly
- Completed reload, in  6.253 seconds
Domain Reload Profiling:
	ReloadAssembly (6255ms)
		BeginReloadAssembly (460ms)
			ExecutionOrderSort (0ms)
			DisableScriptedObjects (32ms)
			BackupInstance (0ms)
			ReleaseScriptingObjects (0ms)
			CreateAndSetChildDomain (106ms)
		EndReloadAssembly (5473ms)
			LoadAssemblies (505ms)
			RebuildTransferFunctionScriptingTraits (0ms)
			SetupTypeCache (1780ms)
			ReleaseScriptCaches (3ms)
			RebuildScriptCaches (261ms)
			SetupLoadedEditorAssemblies (2598ms)
				LogAssemblyErrors (0ms)
				InitializePlatformSupportModulesInManaged (6ms)
				SetLoadedEditorAssemblies (1ms)
				RefreshPlugins (1ms)
				BeforeProcessingInitializeOnLoad (107ms)
				ProcessInitializeOnLoadAttributes (2417ms)
				ProcessInitializeOnLoadMethodAttributes (51ms)
				AfterProcessingInitializeOnLoad (13ms)
				EditorAssembliesLoaded (1ms)
			ExecutionOrderSort2 (0ms)
			AwakeInstancesAfterBackupRestoration (46ms)
Platform modules already initialized, skipping
Refreshing native plugins compatible for Editor in 0.65 ms, found 2 plugins.
Preloading 0 native plugins for Editor in 0.00 ms.
Unloading 1748 Unused Serialized files (Serialized files now loaded: 0)
System memory in use before: 130.9 MB.
System memory in use after: 130.7 MB.

Unloading 14 unused Assets to reduce memory usage. Loaded Objects now: 2312.
Total: 5.650200 ms (FindLiveObjects: 0.541300 ms CreateObjectMapping: 0.153600 ms MarkObjects: 4.511300 ms  DeleteObjects: 0.441600 ms)

AssetImportParameters requested are different than current active one (requested -> active):
  custom:framework-win-MediaFoundation: 216162199b28c13a410421893ffa2e32 -> 
  custom:video-decoder-ogg-theora: a1e56fd34408186e4bbccfd4996cb3dc -> 
  custom:container-muxer-webm: aa71ff27fc2769a1b78a27578f13a17b -> 
  custom:container-demuxer-webm: 4f35f7cbe854078d1ac9338744f61a02 -> 
  custom:container-demuxer-ogg: 62fdf1f143b41e24485cea50d1cbac27 -> 
  custom:video-encoder-webm-vp8: eb34c28f22e8b96e1ab97ce403110664 -> 
  custom:video-decoder-webm-vp8: 9c59270c3fd7afecdb556c50c9e8de78 -> 
  custom:audio-decoder-ogg-vorbis: bf7c407c2cedff20999df2af8eb42d56 -> 
  custom:audio-encoder-webm-vorbis: bf7c407c2cedff20999df2af8eb42d56 -> 
========================================================================
Received Prepare
Registering precompiled user dll's ...
Registered in 0.004820 seconds.
Begin MonoManager ReloadAssembly
Native extension for WindowsStandalone target not found
Refreshing native plugins compatible for Editor in 0.87 ms, found 2 plugins.
Preloading 0 native plugins for Editor in 0.00 ms.
Mono: successfully reloaded assembly
- Completed reload, in  1.881 seconds
Domain Reload Profiling:
	ReloadAssembly (1882ms)
		BeginReloadAssembly (163ms)
			ExecutionOrderSort (0ms)
			DisableScriptedObjects (7ms)
			BackupInstance (0ms)
			ReleaseScriptingObjects (0ms)
			CreateAndSetChildDomain (46ms)
		EndReloadAssembly (1621ms)
			LoadAssemblies (150ms)
			RebuildTransferFunctionScriptingTraits (0ms)
			SetupTypeCache (396ms)
			ReleaseScriptCaches (2ms)
			RebuildScriptCaches (71ms)
			SetupLoadedEditorAssemblies (866ms)
				LogAssemblyErrors (0ms)
				InitializePlatformSupportModulesInManaged (6ms)
				SetLoadedEditorAssemblies (1ms)
				RefreshPlugins (1ms)
				BeforeProcessingInitializeOnLoad (117ms)
				ProcessInitializeOnLoadAttributes (725ms)
				ProcessInitializeOnLoadMethodAttributes (13ms)
				AfterProcessingInitializeOnLoad (3ms)
				EditorAssembliesLoaded (0ms)
			ExecutionOrderSort2 (0ms)
			AwakeInstancesAfterBackupRestoration (10ms)
Platform modules already initialized, skipping
Refreshing native plugins compatible for Editor in 1.16 ms, found 2 plugins.
Preloading 0 native plugins for Editor in 0.00 ms.
Unloading 1748 Unused Serialized files (Serialized files now loaded: 0)
System memory in use before: 130.9 MB.
System memory in use after: 130.7 MB.

Unloading 14 unused Assets to reduce memory usage. Loaded Objects now: 2315.
Total: 6.034100 ms (FindLiveObjects: 0.364300 ms CreateObjectMapping: 0.167300 ms MarkObjects: 5.024500 ms  DeleteObjects: 0.475800 ms)

AssetImportParameters requested are different than current active one (requested -> active):
  custom:framework-win-MediaFoundation: 216162199b28c13a410421893ffa2e32 -> 
  custom:video-decoder-ogg-theora: a1e56fd34408186e4bbccfd4996cb3dc -> 
  custom:container-muxer-webm: aa71ff27fc2769a1b78a27578f13a17b -> 
  custom:container-demuxer-webm: 4f35f7cbe854078d1ac9338744f61a02 -> 
  custom:container-demuxer-ogg: 62fdf1f143b41e24485cea50d1cbac27 -> 
  custom:video-encoder-webm-vp8: eb34c28f22e8b96e1ab97ce403110664 -> 
  custom:video-decoder-webm-vp8: 9c59270c3fd7afecdb556c50c9e8de78 -> 
  custom:audio-decoder-ogg-vorbis: bf7c407c2cedff20999df2af8eb42d56 -> 
  custom:audio-encoder-webm-vorbis: bf7c407c2cedff20999df2af8eb42d56 -> 
========================================================================
Received Prepare
Registering precompiled user dll's ...
Registered in 0.007479 seconds.
Begin MonoManager ReloadAssembly
Native extension for WindowsStandalone target not found
Refreshing native plugins compatible for Editor in 0.65 ms, found 2 plugins.
Preloading 0 native plugins for Editor in 0.00 ms.
Mono: successfully reloaded assembly
- Completed reload, in  1.850 seconds
Domain Reload Profiling:
	ReloadAssembly (1851ms)
		BeginReloadAssembly (174ms)
			ExecutionOrderSort (0ms)
			DisableScriptedObjects (6ms)
			BackupInstance (0ms)
			ReleaseScriptingObjects (0ms)
			CreateAndSetChildDomain (62ms)
		EndReloadAssembly (1552ms)
			LoadAssemblies (144ms)
			RebuildTransferFunctionScriptingTraits (0ms)
			SetupTypeCache (419ms)
			ReleaseScriptCaches (1ms)
			RebuildScriptCaches (60ms)
			SetupLoadedEditorAssemblies (811ms)
				LogAssemblyErrors (0ms)
				InitializePlatformSupportModulesInManaged (6ms)
				SetLoadedEditorAssemblies (1ms)
				RefreshPlugins (1ms)
				BeforeProcessingInitializeOnLoad (101ms)
				ProcessInitializeOnLoadAttributes (684ms)
				ProcessInitializeOnLoadMethodAttributes (14ms)
				AfterProcessingInitializeOnLoad (4ms)
				EditorAssembliesLoaded (0ms)
			ExecutionOrderSort2 (0ms)
			AwakeInstancesAfterBackupRestoration (9ms)
Platform modules already initialized, skipping
Refreshing native plugins compatible for Editor in 0.70 ms, found 2 plugins.
Preloading 0 native plugins for Editor in 0.00 ms.
Unloading 1748 Unused Serialized files (Serialized files now loaded: 0)
System memory in use before: 130.9 MB.
System memory in use after: 130.7 MB.

Unloading 14 unused Assets to reduce memory usage. Loaded Objects now: 2318.
Total: 4.436700 ms (FindLiveObjects: 0.283300 ms CreateObjectMapping: 0.106800 ms MarkObjects: 3.600100 ms  DeleteObjects: 0.444200 ms)

AssetImportParameters requested are different than current active one (requested -> active):
  custom:framework-win-MediaFoundation: 216162199b28c13a410421893ffa2e32 -> 
  custom:video-decoder-ogg-theora: a1e56fd34408186e4bbccfd4996cb3dc -> 
  custom:container-muxer-webm: aa71ff27fc2769a1b78a27578f13a17b -> 
  custom:container-demuxer-webm: 4f35f7cbe854078d1ac9338744f61a02 -> 
  custom:container-demuxer-ogg: 62fdf1f143b41e24485cea50d1cbac27 -> 
  custom:video-encoder-webm-vp8: eb34c28f22e8b96e1ab97ce403110664 -> 
  custom:video-decoder-webm-vp8: 9c59270c3fd7afecdb556c50c9e8de78 -> 
  custom:audio-decoder-ogg-vorbis: bf7c407c2cedff20999df2af8eb42d56 -> 
  custom:audio-encoder-webm-vorbis: bf7c407c2cedff20999df2af8eb42d56 -> 
========================================================================
Received Import Request.
  Time since last request: 269.759349 seconds.
  path: Assets/RaceArea04.unity
  artifactKey: Guid(4e66e9f73ff75cc48a12add07cb04218) Importer(815301076,1909f56bfc062723c751e8b465ee728b)
Start importing Assets/RaceArea04.unity using Guid(4e66e9f73ff75cc48a12add07cb04218) Importer(815301076,1909f56bfc062723c751e8b465ee728b)  -> (artifact id: '515bde4882db0c187fee746600a8dacd') in 0.015106 seconds 
========================================================================
Received Import Request.
  Time since last request: 6.639715 seconds.
  path: Assets/RaceArea03.unity
  artifactKey: Guid(4038327eb708a8a4cba8aecbc667ff57) Importer(815301076,1909f56bfc062723c751e8b465ee728b)
Start importing Assets/RaceArea03.unity using Guid(4038327eb708a8a4cba8aecbc667ff57) Importer(815301076,1909f56bfc062723c751e8b465ee728b)  -> (artifact id: 'bc925e345911bef6b16725bbb33a8b28') in 0.007441 seconds 
========================================================================
Received Import Request.
  Time since last request: 6.237116 seconds.
  path: Assets/RaceArea02.unity
  artifactKey: Guid(4e66e9f73ff75cc48a12add07cb04218) Importer(815301076,1909f56bfc062723c751e8b465ee728b)
Start importing Assets/RaceArea02.unity using Guid(4e66e9f73ff75cc48a12add07cb04218) Importer(815301076,1909f56bfc062723c751e8b465ee728b)  -> (artifact id: '030f2b0d1ac279260b97e31642e393ab') in 0.006015 seconds 
========================================================================
Received Import Request.
  Time since last request: 73.952711 seconds.
  path: Assets/Standard Assets/Vehicles/Car/Materials/SkyCarWheelGrey.mat
  artifactKey: Guid(965a4c3cf8f0acb408f15384c947b3fd) Importer(815301076,1909f56bfc062723c751e8b465ee728b)
Start importing Assets/Standard Assets/Vehicles/Car/Materials/SkyCarWheelGrey.mat using Guid(965a4c3cf8f0acb408f15384c947b3fd) Importer(815301076,1909f56bfc062723c751e8b465ee728b)  -> (artifact id: '24038061baa48cfb762996977737f649') in 0.437433 seconds 
========================================================================
Received Import Request.
  Time since last request: 53.591261 seconds.
  path: Assets/Standard Assets/Vehicles/Car/Materials/SkyCarBodyRed 1.mat
  artifactKey: Guid(fc7e5207d62c21f41ab40bf28ff0d729) Importer(815301076,1909f56bfc062723c751e8b465ee728b)
Start importing Assets/Standard Assets/Vehicles/Car/Materials/SkyCarBodyRed 1.mat using Guid(fc7e5207d62c21f41ab40bf28ff0d729) Importer(815301076,1909f56bfc062723c751e8b465ee728b)  -> (artifact id: '7b09c44f1ea13f2974ad3bd1f108879c') in 0.054116 seconds 
========================================================================
Received Import Request.
  Time since last request: 13.051963 seconds.
  path: Assets/Standard Assets/Vehicles/Car/Materials/SkyCarBodyBlue.mat
  artifactKey: Guid(fc7e5207d62c21f41ab40bf28ff0d729) Importer(815301076,1909f56bfc062723c751e8b465ee728b)
Start importing Assets/Standard Assets/Vehicles/Car/Materials/SkyCarBodyBlue.mat using Guid(fc7e5207d62c21f41ab40bf28ff0d729) Importer(815301076,1909f56bfc062723c751e8b465ee728b)  -> (artifact id: 'ffa733e283479157a3f73c74f47080fe') in 0.057978 seconds 
========================================================================
Received Import Request.
  Time since last request: 85.027014 seconds.
  path: Assets/Standard Assets/Vehicles/Car/Materials/SkyCarBodyBlue.mat
  artifactKey: Guid(fc7e5207d62c21f41ab40bf28ff0d729) Importer(815301076,1909f56bfc062723c751e8b465ee728b)
Start importing Assets/Standard Assets/Vehicles/Car/Materials/SkyCarBodyBlue.mat using Guid(fc7e5207d62c21f41ab40bf28ff0d729) Importer(815301076,1909f56bfc062723c751e8b465ee728b)  -> (artifact id: 'e38f9cc94e8836c80480ddf883783da5') in 0.048320 seconds 
========================================================================
Received Import Request.
  Time since last request: 76.336729 seconds.
  path: Assets/Scripts/arChoice.cs
  artifactKey: Guid(b5d111200b790424bb196a5e1aadacf4) Importer(815301076,1909f56bfc062723c751e8b465ee728b)
Start importing Assets/Scripts/arChoice.cs using Guid(b5d111200b790424bb196a5e1aadacf4) Importer(815301076,1909f56bfc062723c751e8b465ee728b)  -> (artifact id: 'bed3c415ce96f0fec32a877abc06ba23') in 0.010487 seconds 
========================================================================
Received Prepare
Registering precompiled user dll's ...
Registered in 0.008697 seconds.
Begin MonoManager ReloadAssembly
Native extension for WindowsStandalone target not found
Refreshing native plugins compatible for Editor in 1.18 ms, found 2 plugins.
Preloading 0 native plugins for Editor in 0.00 ms.
Mono: successfully reloaded assembly
- Completed reload, in  2.795 seconds
Domain Reload Profiling:
	ReloadAssembly (2796ms)
		BeginReloadAssembly (203ms)
			ExecutionOrderSort (0ms)
			DisableScriptedObjects (9ms)
			BackupInstance (0ms)
			ReleaseScriptingObjects (0ms)
			CreateAndSetChildDomain (65ms)
		EndReloadAssembly (2480ms)
			LoadAssemblies (190ms)
			RebuildTransferFunctionScriptingTraits (0ms)
			SetupTypeCache (611ms)
			ReleaseScriptCaches (1ms)
			RebuildScriptCaches (84ms)
			SetupLoadedEditorAssemblies (1345ms)
				LogAssemblyErrors (0ms)
				InitializePlatformSupportModulesInManaged (9ms)
				SetLoadedEditorAssemblies (1ms)
				RefreshPlugins (1ms)
				BeforeProcessingInitializeOnLoad (170ms)
				ProcessInitializeOnLoadAttributes (1131ms)
				ProcessInitializeOnLoadMethodAttributes (28ms)
				AfterProcessingInitializeOnLoad (4ms)
				EditorAssembliesLoaded (0ms)
			ExecutionOrderSort2 (0ms)
			AwakeInstancesAfterBackupRestoration (19ms)
Platform modules already initialized, skipping
Refreshing native plugins compatible for Editor in 0.88 ms, found 2 plugins.
Preloading 0 native plugins for Editor in 0.00 ms.
Unloading 1749 Unused Serialized files (Serialized files now loaded: 0)
System memory in use before: 131.1 MB.
System memory in use after: 130.9 MB.

Unloading 14 unused Assets to reduce memory usage. Loaded Objects now: 2360.
Total: 4.177500 ms (FindLiveObjects: 0.232300 ms CreateObjectMapping: 0.108800 ms MarkObjects: 3.425800 ms  DeleteObjects: 0.408900 ms)

AssetImportParameters requested are different than current active one (requested -> active):
  custom:framework-win-MediaFoundation: 216162199b28c13a410421893ffa2e32 -> 
  custom:video-decoder-ogg-theora: a1e56fd34408186e4bbccfd4996cb3dc -> 
  custom:container-muxer-webm: aa71ff27fc2769a1b78a27578f13a17b -> 
  custom:container-demuxer-webm: 4f35f7cbe854078d1ac9338744f61a02 -> 
  custom:container-demuxer-ogg: 62fdf1f143b41e24485cea50d1cbac27 -> 
  custom:video-encoder-webm-vp8: eb34c28f22e8b96e1ab97ce403110664 -> 
  custom:video-decoder-webm-vp8: 9c59270c3fd7afecdb556c50c9e8de78 -> 
  custom:audio-decoder-ogg-vorbis: bf7c407c2cedff20999df2af8eb42d56 -> 
  custom:audio-encoder-webm-vorbis: bf7c407c2cedff20999df2af8eb42d56 -> 
========================================================================
Received Prepare
Registering precompiled user dll's ...
Registered in 0.003764 seconds.
Begin MonoManager ReloadAssembly
Native extension for WindowsStandalone target not found
Refreshing native plugins compatible for Editor in 0.69 ms, found 2 plugins.
Preloading 0 native plugins for Editor in 0.00 ms.
Mono: successfully reloaded assembly
- Completed reload, in  2.298 seconds
Domain Reload Profiling:
	ReloadAssembly (2299ms)
		BeginReloadAssembly (189ms)
			ExecutionOrderSort (0ms)
			DisableScriptedObjects (7ms)
			BackupInstance (0ms)
			ReleaseScriptingObjects (0ms)
			CreateAndSetChildDomain (53ms)
		EndReloadAssembly (1913ms)
			LoadAssemblies (232ms)
			RebuildTransferFunctionScriptingTraits (0ms)
			SetupTypeCache (572ms)
			ReleaseScriptCaches (2ms)
			RebuildScriptCaches (64ms)
			SetupLoadedEditorAssemblies (910ms)
				LogAssemblyErrors (0ms)
				InitializePlatformSupportModulesInManaged (8ms)
				SetLoadedEditorAssemblies (1ms)
				RefreshPlugins (1ms)
				BeforeProcessingInitializeOnLoad (119ms)
				ProcessInitializeOnLoadAttributes (759ms)
				ProcessInitializeOnLoadMethodAttributes (18ms)
				AfterProcessingInitializeOnLoad (3ms)
				EditorAssembliesLoaded (0ms)
			ExecutionOrderSort2 (0ms)
			AwakeInstancesAfterBackupRestoration (10ms)
Platform modules already initialized, skipping
Refreshing native plugins compatible for Editor in 1.13 ms, found 2 plugins.
Preloading 0 native plugins for Editor in 0.00 ms.
Unloading 1749 Unused Serialized files (Serialized files now loaded: 0)
System memory in use before: 131.2 MB.
System memory in use after: 130.9 MB.

Unloading 14 unused Assets to reduce memory usage. Loaded Objects now: 2363.
Total: 6.870300 ms (FindLiveObjects: 0.396900 ms CreateObjectMapping: 0.196300 ms MarkObjects: 5.599600 ms  DeleteObjects: 0.674800 ms)

AssetImportParameters requested are different than current active one (requested -> active):
  custom:framework-win-MediaFoundation: 216162199b28c13a410421893ffa2e32 -> 
  custom:video-decoder-ogg-theora: a1e56fd34408186e4bbccfd4996cb3dc -> 
  custom:container-muxer-webm: aa71ff27fc2769a1b78a27578f13a17b -> 
  custom:container-demuxer-webm: 4f35f7cbe854078d1ac9338744f61a02 -> 
  custom:container-demuxer-ogg: 62fdf1f143b41e24485cea50d1cbac27 -> 
  custom:video-encoder-webm-vp8: eb34c28f22e8b96e1ab97ce403110664 -> 
  custom:video-decoder-webm-vp8: 9c59270c3fd7afecdb556c50c9e8de78 -> 
  custom:audio-decoder-ogg-vorbis: bf7c407c2cedff20999df2af8eb42d56 -> 
  custom:audio-encoder-webm-vorbis: bf7c407c2cedff20999df2af8eb42d56 -> 
========================================================================
Received Import Request.
  Time since last request: 18.372286 seconds.
  path: Assets/Scripts/arChoice.cs
  artifactKey: Guid(b5d111200b790424bb196a5e1aadacf4) Importer(815301076,1909f56bfc062723c751e8b465ee728b)
Start importing Assets/Scripts/arChoice.cs using Guid(b5d111200b790424bb196a5e1aadacf4) Importer(815301076,1909f56bfc062723c751e8b465ee728b)  -> (artifact id: '00000000000000000000000000000000') in 1.359934 seconds  code(4) message(Build asset version error: assets/scripts/archoice.cs in SourceAssetDB has modification time of '2022-06-10T03:50:41.0388385Z' while content on disk has modification time of '0001-01-01T00:00:00Z' with error code 2
Stacktrace:
0x00007ff65f98e73c (Unity) StackWalker::GetCurrentCallstack
0x00007ff65f995d39 (Unity) StackWalker::ShowCallstack
0x00007ff66072650c (Unity) GetStacktrace
0x00007ff660877a17 (Unity) GetAssetHashAndValidate
0x00007ff660872c6e (Unity) AssetVersionBuilder::BuildHashOfSourceAssetArray
0x00007ff660870aa4 (Unity) AssetVersionBuilder::BuildAssetVersion
0x00007ff66084af6d (Unity) CreateAssetVersionBuilder
0x00007ff660851995 (Unity) ImportToObjects
0x00007ff660850738 (Unity) ImportAsset
0x00007ff6607e9458 (Unity) AssetImportWorker::Import
0x00007ff66080f5cc (Unity) <lambda_b123f039090cb0dbc945ab4402a71fca>::operator()
0x00007ff660897c12 (Unity) asio::detail::completion_handler<core::mutable_function<void __cdecl(void)> >::do_complete
0x00007ff660899d70 (Unity) asio::detail::win_iocp_io_service::do_one
0x00007ff66089d4ee (Unity) asio::io_service::run
0x00007ff66083884b (Unity) RunAssetImportWorkerClientV2
0x00007ff6608388a0 (Unity) RunAssetImporterV2
0x00007ff6602b1759 (Unity) Application::InitializeProject
0x00007ff660730892 (Unity) WinMain
0x00007ff661dce3ee (Unity) __scrt_common_main_seh
0x00007ffc59b03034 (KERNEL32) BaseThreadInitThunk
0x00007ffc5c4a1551 (ntdll) RtlUserThreadStart
)
  ERROR: Build asset version error: assets/scripts/archoice.cs in SourceAssetDB has modification time of '2022-06-10T03:50:41.0388385Z' while content on disk has modification time of '0001-01-01T00:00:00Z' with error code 2
Stacktrace:
0x00007ff65f98e73c (Unity) StackWalker::GetCurrentCallstack
0x00007ff65f995d39 (Unity) StackWalker::ShowCallstack
0x00007ff66072650c (Unity) GetStacktrace
0x00007ff660877a17 (Unity) GetAssetHashAndValidate
0x00007ff660872c6e (Unity) AssetVersionBuilder::BuildHashOfSourceAssetArray
0x00007ff660870aa4 (Unity) AssetVersionBuilder::BuildAssetVersion
0x00007ff66084af6d (Unity) CreateAssetVersionBuilder
0x00007ff660851995 (Unity) ImportToObjects
0x00007ff660850738 (Unity) ImportAsset
0x00007ff6607e9458 (Unity) AssetImportWorker::Import
0x00007ff66080f5cc (Unity) <lambda_b123f039090cb0dbc945ab4402a71fca>::operator()
0x00007ff660897c12 (Unity) asio::detail::completion_handler<core::mutable_function<void __cdecl(void)> >::do_complete
0x00007ff660899d70 (Unity) asio::detail::win_iocp_io_service::do_one
0x00007ff66089d4ee (Unity) asio::io_service::run
0x00007ff66083884b (Unity) RunAssetImportWorkerClientV2
0x00007ff6608388a0 (Unity) RunAssetImporterV2
0x00007ff6602b1759 (Unity) Application::InitializeProject
0x00007ff660730892 (Unity) WinMain
0x00007ff661dce3ee (Unity) __scrt_common_main_seh
0x00007ffc59b03034 (KERNEL32) BaseThreadInitThunk
0x00007ffc5c4a1551 (ntdll) RtlUserThreadStart

========================================================================
Received Prepare
Registering precompiled user dll's ...
Registered in 0.019472 seconds.
Begin MonoManager ReloadAssembly
Native extension for WindowsStandalone target not found
Refreshing native plugins compatible for Editor in 0.72 ms, found 2 plugins.
Preloading 0 native plugins for Editor in 0.00 ms.
Mono: successfully reloaded assembly
- Completed reload, in  3.694 seconds
Domain Reload Profiling:
	ReloadAssembly (3695ms)
		BeginReloadAssembly (609ms)
			ExecutionOrderSort (0ms)
			DisableScriptedObjects (62ms)
			BackupInstance (0ms)
			ReleaseScriptingObjects (0ms)
			CreateAndSetChildDomain (73ms)
		EndReloadAssembly (2944ms)
			LoadAssemblies (910ms)
			RebuildTransferFunctionScriptingTraits (0ms)
			SetupTypeCache (747ms)
			ReleaseScriptCaches (1ms)
			RebuildScriptCaches (66ms)
			SetupLoadedEditorAssemblies (1382ms)
				LogAssemblyErrors (0ms)
				InitializePlatformSupportModulesInManaged (12ms)
				SetLoadedEditorAssemblies (1ms)
				RefreshPlugins (1ms)
				BeforeProcessingInitializeOnLoad (164ms)
				ProcessInitializeOnLoadAttributes (1186ms)
				ProcessInitializeOnLoadMethodAttributes (15ms)
				AfterProcessingInitializeOnLoad (4ms)
				EditorAssembliesLoaded (0ms)
			ExecutionOrderSort2 (0ms)
			AwakeInstancesAfterBackupRestoration (10ms)
Platform modules already initialized, skipping
Refreshing native plugins compatible for Editor in 0.78 ms, found 2 plugins.
Preloading 0 native plugins for Editor in 0.00 ms.
Unloading 1749 Unused Serialized files (Serialized files now loaded: 0)
System memory in use before: 131.1 MB.
System memory in use after: 130.9 MB.

Unloading 14 unused Assets to reduce memory usage. Loaded Objects now: 2366.
Total: 4.687500 ms (FindLiveObjects: 0.321300 ms CreateObjectMapping: 0.095100 ms MarkObjects: 3.812000 ms  DeleteObjects: 0.457200 ms)

AssetImportParameters requested are different than current active one (requested -> active):
  custom:framework-win-MediaFoundation: 216162199b28c13a410421893ffa2e32 -> 
  custom:video-decoder-ogg-theora: a1e56fd34408186e4bbccfd4996cb3dc -> 
  custom:container-muxer-webm: aa71ff27fc2769a1b78a27578f13a17b -> 
  custom:container-demuxer-webm: 4f35f7cbe854078d1ac9338744f61a02 -> 
  custom:container-demuxer-ogg: 62fdf1f143b41e24485cea50d1cbac27 -> 
  custom:video-encoder-webm-vp8: eb34c28f22e8b96e1ab97ce403110664 -> 
  custom:video-decoder-webm-vp8: 9c59270c3fd7afecdb556c50c9e8de78 -> 
  custom:audio-decoder-ogg-vorbis: bf7c407c2cedff20999df2af8eb42d56 -> 
  custom:audio-encoder-webm-vorbis: bf7c407c2cedff20999df2af8eb42d56 -> 
========================================================================
Received Import Request.
  Time since last request: 170.552966 seconds.
  path: Assets/Scripts/CarChoice.cs
  artifactKey: Guid(b5d111200b790424bb196a5e1aadacf4) Importer(815301076,1909f56bfc062723c751e8b465ee728b)
Start importing Assets/Scripts/CarChoice.cs using Guid(b5d111200b790424bb196a5e1aadacf4) Importer(815301076,1909f56bfc062723c751e8b465ee728b)  -> (artifact id: 'bf6d350a38a3d32107f9879daf3fcab5') in 0.013240 seconds 
========================================================================
Received Import Request.
  Time since last request: 72.538093 seconds.
  path: Assets/TrackSelect.unity
  artifactKey: Guid(cbdaa70384a6c5b47a5ba4ab5242b823) Importer(815301076,1909f56bfc062723c751e8b465ee728b)
Start importing Assets/TrackSelect.unity using Guid(cbdaa70384a6c5b47a5ba4ab5242b823) Importer(815301076,1909f56bfc062723c751e8b465ee728b)  -> (artifact id: 'e1c8bcce62cce85adf4b66482f21a84f') in 0.093865 seconds 
========================================================================
Received Import Request.
  Time since last request: 9.546872 seconds.
  path: Assets/MainMenu.unity
  artifactKey: Guid(70c8cfd5b7a45d34d9b6ba5d379e98be) Importer(815301076,1909f56bfc062723c751e8b465ee728b)
Start importing Assets/MainMenu.unity using Guid(70c8cfd5b7a45d34d9b6ba5d379e98be) Importer(815301076,1909f56bfc062723c751e8b465ee728b)  -> (artifact id: 'beb23d66e9c932982bb022ff6206386a') in 0.083698 seconds 
========================================================================
Received Prepare
Registering precompiled user dll's ...
Registered in 0.004237 seconds.
Begin MonoManager ReloadAssembly
Native extension for WindowsStandalone target not found
Refreshing native plugins compatible for Editor in 1.22 ms, found 2 plugins.
Preloading 0 native plugins for Editor in 0.00 ms.
Mono: successfully reloaded assembly
- Completed reload, in  2.051 seconds
Domain Reload Profiling:
	ReloadAssembly (2051ms)
		BeginReloadAssembly (180ms)
			ExecutionOrderSort (0ms)
			DisableScriptedObjects (6ms)
			BackupInstance (0ms)
			ReleaseScriptingObjects (0ms)
			CreateAndSetChildDomain (49ms)
		EndReloadAssembly (1778ms)
			LoadAssemblies (189ms)
			RebuildTransferFunctionScriptingTraits (0ms)
			SetupTypeCache (682ms)
			ReleaseScriptCaches (1ms)
			RebuildScriptCaches (53ms)
			SetupLoadedEditorAssemblies (753ms)
				LogAssemblyErrors (0ms)
				InitializePlatformSupportModulesInManaged (6ms)
				SetLoadedEditorAssemblies (1ms)
				RefreshPlugins (1ms)
				BeforeProcessingInitializeOnLoad (94ms)
				ProcessInitializeOnLoadAttributes (627ms)
				ProcessInitializeOnLoadMethodAttributes (18ms)
				AfterProcessingInitializeOnLoad (5ms)
				EditorAssembliesLoaded (1ms)
			ExecutionOrderSort2 (0ms)
			AwakeInstancesAfterBackupRestoration (18ms)
Platform modules already initialized, skipping
Refreshing native plugins compatible for Editor in 1.31 ms, found 2 plugins.
Preloading 0 native plugins for Editor in 0.00 ms.
Unloading 1749 Unused Serialized files (Serialized files now loaded: 0)
System memory in use before: 131.2 MB.
System memory in use after: 130.9 MB.

Unloading 14 unused Assets to reduce memory usage. Loaded Objects now: 2369.
Total: 4.382400 ms (FindLiveObjects: 0.277700 ms CreateObjectMapping: 0.114400 ms MarkObjects: 3.510800 ms  DeleteObjects: 0.477700 ms)

AssetImportParameters requested are different than current active one (requested -> active):
  custom:framework-win-MediaFoundation: 216162199b28c13a410421893ffa2e32 -> 
  custom:video-decoder-ogg-theora: a1e56fd34408186e4bbccfd4996cb3dc -> 
  custom:container-muxer-webm: aa71ff27fc2769a1b78a27578f13a17b -> 
  custom:container-demuxer-webm: 4f35f7cbe854078d1ac9338744f61a02 -> 
  custom:container-demuxer-ogg: 62fdf1f143b41e24485cea50d1cbac27 -> 
  custom:video-encoder-webm-vp8: eb34c28f22e8b96e1ab97ce403110664 -> 
  custom:video-decoder-webm-vp8: 9c59270c3fd7afecdb556c50c9e8de78 -> 
  custom:audio-decoder-ogg-vorbis: bf7c407c2cedff20999df2af8eb42d56 -> 
  custom:audio-encoder-webm-vorbis: bf7c407c2cedff20999df2af8eb42d56 -> 
AssetImportWorkerClient::OnTransportError - code=2 error=End of file
